Mon Feb  9 07:20:01 PM CST 2026: ⚠️ Bot未运行，准备重启...
Mon Feb  9 07:20:03 PM CST 2026: 🚀 启动Bot...
Mon Feb  9 07:20:03 PM CST 2026: ✅ Bot已启动 (PID: 821044)
Mon Feb  9 07:25:01 PM CST 2026: ✅ Bot正在运行 (PID: 821044)
Mon Feb  9 07:30:01 PM CST 2026: ✅ Bot正在运行 (PID: 821044)
Mon Feb  9 07:35:01 PM CST 2026: ✅ Bot正在运行 (PID: 821044)
Mon Feb  9 07:40:01 PM CST 2026: ✅ Bot正在运行 (PID: 821044)
Mon Feb  9 07:45:01 PM CST 2026: ✅ Bot正在运行 (PID: 821044)
Mon Feb  9 07:50:01 PM CST 2026: ✅ Bot正在运行 (PID: 821044)
Mon Feb  9 07:55:02 PM CST 2026: ✅ Bot正在运行 (PID: 821044)
Mon Feb  9 08:00:01 PM CST 2026: ✅ Bot正在运行 (PID: 821044)
Mon Feb  9 08:05:01 PM CST 2026: ✅ Bot正在运行 (PID: 821044)
Mon Feb  9 08:10:01 PM CST 2026: ✅ Bot正在运行 (PID: 821044)
Mon Feb  9 08:15:01 PM CST 2026: ✅ Bot正在运行 (PID: 821044)
Mon Feb  9 08:20:01 PM CST 2026: ✅ Bot正在运行 (PID: 821044)
Mon Feb  9 08:25:01 PM CST 2026: ✅ Bot正在运行 (PID: 821044)
Mon Feb  9 08:30:01 PM CST 2026: ✅ Bot正在运行 (PID: 821044)
Mon Feb  9 08:35:01 PM CST 2026: ✅ Bot正在运行 (PID: 821044)
Mon Feb  9 08:40:01 PM CST 2026: ✅ Bot正在运行 (PID: 821044)
Mon Feb  9 08:45:01 PM CST 2026: ✅ Bot正在运行 (PID: 821044)
Mon Feb  9 08:50:01 PM CST 2026: ✅ Bot正在运行 (PID: 821044)
Mon Feb  9 08:55:01 PM CST 2026: ✅ Bot正在运行 (PID: 821044)
Mon Feb  9 09:00:01 PM CST 2026: ✅ Bot正在运行 (PID: 821044)
Mon Feb  9 09:05:01 PM CST 2026: ✅ Bot正在运行 (PID: 821044)
Mon Feb  9 09:10:01 PM CST 2026: ✅ Bot正在运行 (PID: 821044)
Mon Feb  9 09:15:01 PM CST 2026: ✅ Bot正在运行 (PID: 821044)
Mon Feb  9 09:20:01 PM CST 2026: ✅ Bot正在运行 (PID: 821044)
Mon Feb  9 09:25:01 PM CST 2026: ⚠️ Bot未运行，准备重启...
Mon Feb  9 09:25:03 PM CST 2026: 🚀 启动Bot...
Mon Feb  9 09:25:03 PM CST 2026: ✅ Bot已启动 (PID: 851449)
Mon Feb  9 09:30:02 PM CST 2026: ✅ Bot正在运行 (PID: 851449)
Mon Feb  9 09:35:01 PM CST 2026: ✅ Bot正在运行 (PID: 851449)
Mon Feb  9 09:40:01 PM CST 2026: ✅ Bot正在运行 (PID: 851449)
Mon Feb  9 09:45:01 PM CST 2026: ✅ Bot正在运行 (PID: 851449)
Mon Feb  9 09:50:01 PM CST 2026: ✅ Bot正在运行 (PID: 851449)
Mon Feb  9 09:55:01 PM CST 2026: ✅ Bot正在运行 (PID: 851449)
Mon Feb  9 10:00:01 PM CST 2026: ✅ Bot正在运行 (PID: 851449)
Mon Feb  9 10:05:01 PM CST 2026: ✅ Bot正在运行 (PID: 851449)
Mon Feb  9 10:10:01 PM CST 2026: ✅ Bot正在运行 (PID: 851449)
Mon Feb  9 10:15:01 PM CST 2026: ✅ Bot正在运行 (PID: 851449)
Mon Feb  9 10:20:02 PM CST 2026: ✅ Bot正在运行 (PID: 851449)
Mon Feb  9 10:25:01 PM CST 2026: ✅ Bot正在运行 (PID: 851449)
Mon Feb  9 10:30:01 PM CST 2026: ✅ Bot正在运行 (PID: 851449)
Mon Feb  9 10:35:01 PM CST 2026: ✅ Bot正在运行 (PID: 851449)
Mon Feb  9 10:40:01 PM CST 2026: ✅ Bot正在运行 (PID: 851449)
Mon Feb  9 10:45:01 PM CST 2026: ✅ Bot正在运行 (PID: 851449)
Mon Feb  9 10:50:01 PM CST 2026: ✅ Bot正在运行 (PID: 851449)
Mon Feb  9 10:55:01 PM CST 2026: ✅ Bot正在运行 (PID: 851449)
Mon Feb  9 11:00:01 PM CST 2026: ✅ Bot正在运行 (PID: 851449)
Mon Feb  9 11:05:01 PM CST 2026: ✅ Bot正在运行 (PID: 851449)
Mon Feb  9 11:10:01 PM CST 2026: ✅ Bot正在运行 (PID: 851449)
Mon Feb  9 11:15:01 PM CST 2026: ✅ Bot正在运行 (PID: 851449)
Mon Feb  9 11:20:01 PM CST 2026: ✅ Bot正在运行 (PID: 851449)
Mon Feb  9 11:25:01 PM CST 2026: ✅ Bot正在运行 (PID: 851449)
Mon Feb  9 11:30:01 PM CST 2026: ✅ Bot正在运行 (PID: 851449)
Mon Feb  9 11:35:01 PM CST 2026: ✅ Bot正在运行 (PID: 851449)
Mon Feb  9 11:40:01 PM CST 2026: ✅ Bot正在运行 (PID: 851449)
Mon Feb  9 11:45:01 PM CST 2026: ✅ Bot正在运行 (PID: 851449)
Mon Feb  9 11:50:01 PM CST 2026: ✅ Bot正在运行 (PID: 851449)
Mon Feb  9 11:55:01 PM CST 2026: ✅ Bot正在运行 (PID: 851449)
Tue Feb 10 12:00:01 AM CST 2026: ✅ Bot正在运行 (PID: 851449)
Tue Feb 10 12:05:01 AM CST 2026: ✅ Bot正在运行 (PID: 851449)
Tue Feb 10 12:10:01 AM CST 2026: ✅ Bot正在运行 (PID: 851449)
Tue Feb 10 12:15:01 AM CST 2026: ✅ Bot正在运行 (PID: 851449)
Tue Feb 10 12:20:01 AM CST 2026: ✅ Bot正在运行 (PID: 851449)
Tue Feb 10 12:25:01 AM CST 2026: ✅ Bot正在运行 (PID: 851449)
Tue Feb 10 12:30:01 AM CST 2026: ✅ Bot正在运行 (PID: 851449)
Tue Feb 10 12:35:01 AM CST 2026: ✅ Bot正在运行 (PID: 851449)
Tue Feb 10 12:40:01 AM CST 2026: ✅ Bot正在运行 (PID: 851449)
Tue Feb 10 12:45:02 AM CST 2026: ✅ Bot正在运行 (PID: 851449)
Tue Feb 10 12:50:01 AM CST 2026: ✅ Bot正在运行 (PID: 851449)
Tue Feb 10 12:55:01 AM CST 2026: ✅ Bot正在运行 (PID: 851449)
Tue Feb 10 01:00:01 AM CST 2026: ✅ Bot正在运行 (PID: 851449)
Tue Feb 10 01:05:01 AM CST 2026: ✅ Bot正在运行 (PID: 851449)
Tue Feb 10 01:10:01 AM CST 2026: ✅ Bot正在运行 (PID: 851449)
Tue Feb 10 01:15:01 AM CST 2026: ✅ Bot正在运行 (PID: 851449)
Tue Feb 10 01:20:01 AM CST 2026: ✅ Bot正在运行 (PID: 851449)
Tue Feb 10 01:25:01 AM CST 2026: ✅ Bot正在运行 (PID: 851449)
Tue Feb 10 01:30:01 AM CST 2026: ✅ Bot正在运行 (PID: 851449)
Tue Feb 10 01:35:01 AM CST 2026: ✅ Bot正在运行 (PID: 851449)
Tue Feb 10 01:40:01 AM CST 2026: ✅ Bot正在运行 (PID: 851449)
Tue Feb 10 01:45:01 AM CST 2026: ✅ Bot正在运行 (PID: 851449)
Tue Feb 10 01:50:01 AM CST 2026: ✅ Bot正在运行 (PID: 851449)
Tue Feb 10 01:55:01 AM CST 2026: ✅ Bot正在运行 (PID: 851449)
Tue Feb 10 02:00:01 AM CST 2026: ✅ Bot正在运行 (PID: 851449)
Tue Feb 10 02:05:01 AM CST 2026: ✅ Bot正在运行 (PID: 851449)
Tue Feb 10 02:10:01 AM CST 2026: ✅ Bot正在运行 (PID: 851449)
Tue Feb 10 02:15:01 AM CST 2026: ✅ Bot正在运行 (PID: 851449)
Tue Feb 10 02:20:02 AM CST 2026: ✅ Bot正在运行 (PID: 851449)
Tue Feb 10 02:25:01 AM CST 2026: ✅ Bot正在运行 (PID: 851449)
Tue Feb 10 02:30:01 AM CST 2026: ✅ Bot正在运行 (PID: 851449)
Tue Feb 10 02:35:01 AM CST 2026: ✅ Bot正在运行 (PID: 851449)
Tue Feb 10 02:40:01 AM CST 2026: ✅ Bot正在运行 (PID: 851449)
Tue Feb 10 02:45:01 AM CST 2026: ✅ Bot正在运行 (PID: 851449)
Tue Feb 10 02:50:01 AM CST 2026: ✅ Bot正在运行 (PID: 851449)
Tue Feb 10 02:55:01 AM CST 2026: ✅ Bot正在运行 (PID: 851449)
Tue Feb 10 03:00:01 AM CST 2026: ✅ Bot正在运行 (PID: 851449)
Tue Feb 10 03:05:01 AM CST 2026: ✅ Bot正在运行 (PID: 851449)
Tue Feb 10 03:10:01 AM CST 2026: ✅ Bot正在运行 (PID: 851449)
Tue Feb 10 03:15:01 AM CST 2026: ✅ Bot正在运行 (PID: 851449)
Tue Feb 10 03:20:01 AM CST 2026: ✅ Bot正在运行 (PID: 851449)
Tue Feb 10 03:25:01 AM CST 2026: ✅ Bot正在运行 (PID: 851449)
Tue Feb 10 03:30:01 AM CST 2026: ✅ Bot正在运行 (PID: 851449)
Tue Feb 10 03:35:01 AM CST 2026: ✅ Bot正在运行 (PID: 851449)
Tue Feb 10 03:40:01 AM CST 2026: ✅ Bot正在运行 (PID: 851449)
Tue Feb 10 03:45:01 AM CST 2026: ✅ Bot正在运行 (PID: 851449)
Tue Feb 10 03:50:01 AM CST 2026: ✅ Bot正在运行 (PID: 851449)
Tue Feb 10 03:55:01 AM CST 2026: ✅ Bot正在运行 (PID: 851449)
Tue Feb 10 04:00:01 AM CST 2026: ✅ Bot正在运行 (PID: 851449)
Tue Feb 10 04:05:01 AM CST 2026: ✅ Bot正在运行 (PID: 851449)
Tue Feb 10 04:10:01 AM CST 2026: ✅ Bot正在运行 (PID: 851449)
Tue Feb 10 04:15:01 AM CST 2026: ✅ Bot正在运行 (PID: 851449)
Tue Feb 10 04:20:01 AM CST 2026: ✅ Bot正在运行 (PID: 851449)
Tue Feb 10 04:25:01 AM CST 2026: ✅ Bot正在运行 (PID: 851449)
Tue Feb 10 04:30:01 AM CST 2026: ✅ Bot正在运行 (PID: 851449)
Tue Feb 10 04:35:01 AM CST 2026: ✅ Bot正在运行 (PID: 851449)
Tue Feb 10 04:40:01 AM CST 2026: ✅ Bot正在运行 (PID: 851449)
Tue Feb 10 04:45:01 AM CST 2026: ✅ Bot正在运行 (PID: 851449)
Tue Feb 10 04:50:01 AM CST 2026: ✅ Bot正在运行 (PID: 851449)
Tue Feb 10 04:55:01 AM CST 2026: ✅ Bot正在运行 (PID: 851449)
Tue Feb 10 05:00:01 AM CST 2026: ✅ Bot正在运行 (PID: 851449)
Tue Feb 10 05:05:01 AM CST 2026: ✅ Bot正在运行 (PID: 851449)
Tue Feb 10 05:10:01 AM CST 2026: ✅ Bot正在运行 (PID: 851449)
Tue Feb 10 05:15:01 AM CST 2026: ✅ Bot正在运行 (PID: 851449)
Tue Feb 10 05:20:01 AM CST 2026: ✅ Bot正在运行 (PID: 851449)
Tue Feb 10 05:25:01 AM CST 2026: ✅ Bot正在运行 (PID: 851449)
Tue Feb 10 05:30:01 AM CST 2026: ✅ Bot正在运行 (PID: 851449)
Tue Feb 10 05:35:01 AM CST 2026: ✅ Bot正在运行 (PID: 851449)
Tue Feb 10 05:40:02 AM CST 2026: ✅ Bot正在运行 (PID: 851449)
Tue Feb 10 05:45:01 AM CST 2026: ✅ Bot正在运行 (PID: 851449)
Tue Feb 10 05:50:01 AM CST 2026: ✅ Bot正在运行 (PID: 851449)
Tue Feb 10 05:55:01 AM CST 2026: ✅ Bot正在运行 (PID: 851449)
Tue Feb 10 06:00:01 AM CST 2026: ✅ Bot正在运行 (PID: 851449)
Tue Feb 10 06:05:01 AM CST 2026: ✅ Bot正在运行 (PID: 851449)
Tue Feb 10 06:10:01 AM CST 2026: ✅ Bot正在运行 (PID: 851449)
Tue Feb 10 06:15:01 AM CST 2026: ✅ Bot正在运行 (PID: 851449)
Tue Feb 10 06:20:01 AM CST 2026: ✅ Bot正在运行 (PID: 851449)
Tue Feb 10 06:25:01 AM CST 2026: ✅ Bot正在运行 (PID: 851449)
Tue Feb 10 06:30:02 AM CST 2026: ✅ Bot正在运行 (PID: 851449)
Tue Feb 10 06:35:01 AM CST 2026: ✅ Bot正在运行 (PID: 851449)
Tue Feb 10 06:40:01 AM CST 2026: ✅ Bot正在运行 (PID: 851449)
Tue Feb 10 06:45:01 AM CST 2026: ✅ Bot正在运行 (PID: 851449)
Tue Feb 10 06:50:01 AM CST 2026: ✅ Bot正在运行 (PID: 851449)
Tue Feb 10 06:55:01 AM CST 2026: ✅ Bot正在运行 (PID: 851449)
Tue Feb 10 07:00:01 AM CST 2026: ✅ Bot正在运行 (PID: 851449)
Tue Feb 10 07:05:01 AM CST 2026: ✅ Bot正在运行 (PID: 851449)
Tue Feb 10 07:10:02 AM CST 2026: ✅ Bot正在运行 (PID: 851449)
Tue Feb 10 07:15:01 AM CST 2026: ✅ Bot正在运行 (PID: 851449)
Tue Feb 10 07:20:01 AM CST 2026: ✅ Bot正在运行 (PID: 851449)
Tue Feb 10 07:25:01 AM CST 2026: ✅ Bot正在运行 (PID: 851449)
Tue Feb 10 07:30:01 AM CST 2026: ✅ Bot正在运行 (PID: 851449)
Tue Feb 10 07:35:01 AM CST 2026: ✅ Bot正在运行 (PID: 851449)
Tue Feb 10 07:40:01 AM CST 2026: ✅ Bot正在运行 (PID: 851449)
Tue Feb 10 07:45:01 AM CST 2026: ✅ Bot正在运行 (PID: 851449)
Tue Feb 10 07:50:01 AM CST 2026: ✅ Bot正在运行 (PID: 851449)
Tue Feb 10 07:55:01 AM CST 2026: ✅ Bot正在运行 (PID: 851449)
Tue Feb 10 08:00:02 AM CST 2026: ✅ Bot正在运行 (PID: 851449)
Tue Feb 10 08:05:01 AM CST 2026: ✅ Bot正在运行 (PID: 851449)
Tue Feb 10 08:10:01 AM CST 2026: ✅ Bot正在运行 (PID: 851449)
Tue Feb 10 08:15:01 AM CST 2026: ✅ Bot正在运行 (PID: 851449)
Tue Feb 10 08:20:01 AM CST 2026: ✅ Bot正在运行 (PID: 851449)
Tue Feb 10 08:25:01 AM CST 2026: ✅ Bot正在运行 (PID: 851449)
Tue Feb 10 08:30:01 AM CST 2026: ✅ Bot正在运行 (PID: 851449)
Tue Feb 10 08:35:01 AM CST 2026: ✅ Bot正在运行 (PID: 851449)
Tue Feb 10 08:40:01 AM CST 2026: ✅ Bot正在运行 (PID: 851449)
Tue Feb 10 08:45:01 AM CST 2026: ✅ Bot正在运行 (PID: 851449)
Tue Feb 10 08:50:02 AM CST 2026: ✅ Bot正在运行 (PID: 851449)
Tue Feb 10 08:55:01 AM CST 2026: ✅ Bot正在运行 (PID: 851449)
Tue Feb 10 09:00:01 AM CST 2026: ✅ Bot正在运行 (PID: 851449)
Tue Feb 10 09:05:01 AM CST 2026: ✅ Bot正在运行 (PID: 851449)
Tue Feb 10 09:10:01 AM CST 2026: ✅ Bot正在运行 (PID: 851449)
Tue Feb 10 09:15:01 AM CST 2026: ✅ Bot正在运行 (PID: 851449)
Tue Feb 10 09:20:01 AM CST 2026: ✅ Bot正在运行 (PID: 851449)
Tue Feb 10 09:25:01 AM CST 2026: ✅ Bot正在运行 (PID: 851449)
Tue Feb 10 09:30:01 AM CST 2026: ✅ Bot正在运行 (PID: 851449)
Tue Feb 10 09:35:01 AM CST 2026: ✅ Bot正在运行 (PID: 851449)
Tue Feb 10 09:40:01 AM CST 2026: ✅ Bot正在运行 (PID: 851449)
Tue Feb 10 09:45:01 AM CST 2026: ✅ Bot正在运行 (PID: 851449)
Tue Feb 10 09:50:01 AM CST 2026: ✅ Bot正在运行 (PID: 851449)
Tue Feb 10 09:55:01 AM CST 2026: ✅ Bot正在运行 (PID: 851449)
Tue Feb 10 10:00:01 AM CST 2026: ✅ Bot正在运行 (PID: 851449)
Tue Feb 10 10:05:01 AM CST 2026: ✅ Bot正在运行 (PID: 851449)
Tue Feb 10 10:10:01 AM CST 2026: ✅ Bot正在运行 (PID: 851449)
Tue Feb 10 10:15:01 AM CST 2026: ✅ Bot正在运行 (PID: 851449)
Tue Feb 10 10:20:01 AM CST 2026: ✅ Bot正在运行 (PID: 851449)
Tue Feb 10 10:25:01 AM CST 2026: ✅ Bot正在运行 (PID: 851449)
Tue Feb 10 10:30:01 AM CST 2026: ✅ Bot正在运行 (PID: 851449)
Tue Feb 10 10:35:01 AM CST 2026: ⚠️ Bot未运行，准备重启...
Tue Feb 10 10:35:03 AM CST 2026: 🚀 启动Bot...
Tue Feb 10 10:35:03 AM CST 2026: ✅ Bot已启动 (PID: 1034449)
Tue Feb 10 10:40:01 AM CST 2026: ✅ Bot正在运行 (PID: 1034449)
Tue Feb 10 10:45:01 AM CST 2026: ✅ Bot正在运行 (PID: 1034449)
Tue Feb 10 10:50:01 AM CST 2026: ✅ Bot正在运行 (PID: 1034449)
Tue Feb 10 10:55:01 AM CST 2026: ✅ Bot正在运行 (PID: 1034449)
Tue Feb 10 11:00:01 AM CST 2026: ✅ Bot正在运行 (PID: 1034449)
Tue Feb 10 11:05:01 AM CST 2026: ✅ Bot正在运行 (PID: 1034449)
Tue Feb 10 11:10:01 AM CST 2026: ✅ Bot正在运行 (PID: 1034449)
Tue Feb 10 11:15:02 AM CST 2026: ✅ Bot正在运行 (PID: 1034449)
Tue Feb 10 11:20:01 AM CST 2026: ✅ Bot正在运行 (PID: 1034449)
Tue Feb 10 11:25:01 AM CST 2026: ✅ Bot正在运行 (PID: 1034449)
Tue Feb 10 11:30:01 AM CST 2026: ✅ Bot正在运行 (PID: 1034449)
Tue Feb 10 11:35:01 AM CST 2026: ✅ Bot正在运行 (PID: 1034449)
Tue Feb 10 11:40:01 AM CST 2026: ✅ Bot正在运行 (PID: 1034449)
Tue Feb 10 11:45:01 AM CST 2026: ✅ Bot正在运行 (PID: 1034449)
Tue Feb 10 11:50:01 AM CST 2026: ✅ Bot正在运行 (PID: 1034449)
Tue Feb 10 11:55:01 AM CST 2026: ✅ Bot正在运行 (PID: 1034449)
Tue Feb 10 12:00:01 PM CST 2026: ✅ Bot正在运行 (PID: 1034449)
Tue Feb 10 12:05:01 PM CST 2026: ✅ Bot正在运行 (PID: 1034449)
Tue Feb 10 12:10:01 PM CST 2026: ✅ Bot正在运行 (PID: 1034449)
Tue Feb 10 12:15:01 PM CST 2026: ✅ Bot正在运行 (PID: 1034449)
Tue Feb 10 12:20:01 PM CST 2026: ✅ Bot正在运行 (PID: 1034449)
Tue Feb 10 12:25:01 PM CST 2026: ✅ Bot正在运行 (PID: 1034449)
Tue Feb 10 12:30:01 PM CST 2026: ✅ Bot正在运行 (PID: 1034449)
