
==================================================
⏰ 2026-02-11 12:00:02 ☀️ 午读
==================================================
✅ 12:00 推送成功

==================================================
⏰ 2026-02-11 14:00:01 🍵 下午茶 1 (14:00)
==================================================
✅ 14:00 推送成功

==================================================
⏰ 2026-02-11 15:30:01 🍰 下午茶 2 (15:30)
==================================================
✅ 15:30 推送成功

==================================================
⏰ 2026-02-11 17:00:01 🌆 傍晚读 (17:00)
==================================================
✅ 17:00 推送成功

==================================================
⏰ 2026-02-11 18:30:02 🌇 黄昏读 (18:30)
==================================================
✅ 18:30 推送成功

==================================================
⏰ 2026-02-11 20:00:01 🌙 夜读 1 (20:00)
==================================================
✅ 20:00 推送成功

==================================================
⏰ 2026-02-11 21:30:01 🌃 夜读 2 (21:30)
==================================================
✅ 21:30 推送成功

==================================================
⏰ 2026-02-12 07:00:02 🌅 晨读 1 (07:00)
==================================================
✅ 07:00 推送成功

==================================================
⏰ 2026-02-12 08:30:01 ☕ 晨读 2 (08:30)
==================================================
✅ 08:30 推送成功

==================================================
⏰ 2026-02-12 10:00:01 ☀️ 午读 1 (10:00)
==================================================
✅ 10:00 推送成功

==================================================
⏰ 2026-02-12 11:30:02 📖 午读 2 (11:30)
==================================================
✅ 11:30 推送成功

==================================================
⏰ 2026-02-12 14:00:01 🍵 下午茶 1 (14:00)
==================================================
✅ 14:00 推送成功

==================================================
⏰ 2026-02-12 15:30:01 🍰 下午茶 2 (15:30)
==================================================
✅ 15:30 推送成功

==================================================
⏰ 2026-02-12 17:00:01 🌆 傍晚读 (17:00)
==================================================
✅ 17:00 推送成功

==================================================
⏰ 2026-02-12 18:30:02 🌇 黄昏读 (18:30)
==================================================
✅ 18:30 推送成功

==================================================
⏰ 2026-02-12 20:00:01 🌙 夜读 1 (20:00)
==================================================
❌ 异常: HTTPSConnectionPool(host='api.telegram.org', port=443): Max retries exceeded with url: /bot8518950873:AAHy2PQSMn5F9Z0kcRzNGPUWSSBgMuoqJZA/sendMessage (Caused by NewConnectionError('<urllib3.connection.HTTPSConnection object at 0x7fda0acd9e90>: Failed to establish a new connection: [Errno 101] Network is unreachable'))

==================================================
⏰ 2026-02-12 21:30:01 🌃 夜读 2 (21:30)
==================================================
✅ 21:30 推送成功

==================================================
⏰ 2026-02-13 07:00:02 🌅 晨读 1 (07:00)
==================================================
✅ 07:00 推送成功

==================================================
⏰ 2026-02-13 08:30:01 ☕ 晨读 2 (08:30)
==================================================
✅ 08:30 推送成功

==================================================
⏰ 2026-02-13 10:00:01 ☀️ 午读 1 (10:00)
==================================================
✅ 10:00 推送成功

==================================================
⏰ 2026-02-13 11:30:01 📖 午读 2 (11:30)
==================================================
✅ 11:30 推送成功

==================================================
⏰ 2026-02-13 14:00:01 🍵 下午茶 1 (14:00)
==================================================
✅ 14:00 推送成功

==================================================
⏰ 2026-02-13 15:30:01 🍰 下午茶 2 (15:30)
==================================================
✅ 15:30 推送成功

==================================================
⏰ 2026-02-13 17:00:02 🌆 傍晚读 (17:00)
==================================================
✅ 17:00 推送成功

==================================================
⏰ 2026-02-13 18:30:01 🌇 黄昏读 (18:30)
==================================================
✅ 18:30 推送成功

==================================================
⏰ 2026-02-13 20:00:01 🌙 夜读 1 (20:00)
==================================================
✅ 20:00 推送成功

==================================================
⏰ 2026-02-13 21:30:01 🌃 夜读 2 (21:30)
==================================================
✅ 21:30 推送成功

==================================================
⏰ 2026-02-14 07:00:01 🌅 晨读 1 (07:00)
==================================================
✅ 07:00 推送成功

==================================================
⏰ 2026-02-14 08:30:01 ☕ 晨读 2 (08:30)
==================================================
✅ 08:30 推送成功

==================================================
⏰ 2026-02-14 10:00:01 ☀️ 午读 1 (10:00)
==================================================
✅ 10:00 推送成功

==================================================
⏰ 2026-02-14 11:30:02 📖 午读 2 (11:30)
==================================================
✅ 11:30 推送成功

==================================================
⏰ 2026-02-14 14:00:01 🍵 下午茶 1 (14:00)
==================================================
✅ 14:00 推送成功

==================================================
⏰ 2026-02-14 15:30:02 🍰 下午茶 2 (15:30)
==================================================
✅ 15:30 推送成功

==================================================
⏰ 2026-02-14 17:00:01 🌆 傍晚读 (17:00)
==================================================
✅ 17:00 推送成功

==================================================
⏰ 2026-02-14 18:30:01 🌇 黄昏读 (18:30)
==================================================
✅ 18:30 推送成功

==================================================
⏰ 2026-02-14 20:00:02 🌙 夜读 1 (20:00)
==================================================
✅ 20:00 推送成功

==================================================
⏰ 2026-02-14 21:30:01 🌃 夜读 2 (21:30)
==================================================
✅ 21:30 推送成功

==================================================
⏰ 2026-02-15 07:00:02 🌅 晨读 1 (07:00)
==================================================
✅ 07:00 推送成功

==================================================
⏰ 2026-02-15 08:30:01 ☕ 晨读 2 (08:30)
==================================================
✅ 08:30 推送成功

==================================================
⏰ 2026-02-15 10:00:01 ☀️ 午读 1 (10:00)
==================================================
✅ 10:00 推送成功

==================================================
⏰ 2026-02-15 11:30:01 📖 午读 2 (11:30)
==================================================
✅ 11:30 推送成功

==================================================
⏰ 2026-02-15 14:00:01 🍵 下午茶 1 (14:00)
==================================================
✅ 14:00 推送成功

==================================================
⏰ 2026-02-15 15:30:01 🍰 下午茶 2 (15:30)
==================================================
✅ 15:30 推送成功

==================================================
⏰ 2026-02-15 17:00:02 🌆 傍晚读 (17:00)
==================================================
✅ 17:00 推送成功

==================================================
⏰ 2026-02-15 18:30:01 🌇 黄昏读 (18:30)
==================================================
✅ 18:30 推送成功

==================================================
⏰ 2026-02-15 20:00:01 🌙 夜读 1 (20:00)
==================================================
✅ 20:00 推送成功

==================================================
⏰ 2026-02-15 21:30:01 🌃 夜读 2 (21:30)
==================================================
✅ 21:30 推送成功

==================================================
⏰ 2026-02-16 07:00:01 🌅 晨读 1 (07:00)
==================================================
✅ 07:00 推送成功

==================================================
⏰ 2026-02-16 08:30:01 ☕ 晨读 2 (08:30)
==================================================
✅ 08:30 推送成功

==================================================
⏰ 2026-02-16 10:00:02 ☀️ 午读 1 (10:00)
==================================================
✅ 10:00 推送成功

==================================================
⏰ 2026-02-16 11:30:02 📖 午读 2 (11:30)
==================================================
✅ 11:30 推送成功

==================================================
⏰ 2026-02-16 14:00:01 🍵 下午茶 1 (14:00)
==================================================
✅ 14:00 推送成功

==================================================
⏰ 2026-02-16 15:30:01 🍰 下午茶 2 (15:30)
==================================================
✅ 15:30 推送成功

==================================================
⏰ 2026-02-16 17:00:01 🌆 傍晚读 (17:00)
==================================================
✅ 17:00 推送成功

==================================================
⏰ 2026-02-16 18:30:02 🌇 黄昏读 (18:30)
==================================================
✅ 18:30 推送成功

==================================================
⏰ 2026-02-16 20:00:01 🌙 夜读 1 (20:00)
==================================================
✅ 20:00 推送成功

==================================================
⏰ 2026-02-16 21:30:01 🌃 夜读 2 (21:30)
==================================================
✅ 21:30 推送成功

==================================================
⏰ 2026-02-17 07:00:01 🌅 晨读 1 (07:00)
==================================================
✅ 07:00 推送成功

==================================================
⏰ 2026-02-17 08:30:01 ☕ 晨读 2 (08:30)
==================================================
✅ 08:30 推送成功

==================================================
⏰ 2026-02-17 10:00:01 ☀️ 午读 1 (10:00)
==================================================
✅ 10:00 推送成功

==================================================
⏰ 2026-02-17 11:30:01 📖 午读 2 (11:30)
==================================================
✅ 11:30 推送成功

==================================================
⏰ 2026-02-17 14:00:01 🍵 下午茶 1 (14:00)
==================================================
✅ 14:00 推送成功

==================================================
⏰ 2026-02-17 15:30:02 🍰 下午茶 2 (15:30)
==================================================
✅ 15:30 推送成功

==================================================
⏰ 2026-02-17 17:00:01 🌆 傍晚读 (17:00)
==================================================
✅ 17:00 推送成功

==================================================
⏰ 2026-02-17 18:30:01 🌇 黄昏读 (18:30)
==================================================
✅ 18:30 推送成功

==================================================
⏰ 2026-02-17 20:00:01 🌙 夜读 1 (20:00)
==================================================
✅ 20:00 推送成功

==================================================
⏰ 2026-02-17 21:30:01 🌃 夜读 2 (21:30)
==================================================
✅ 21:30 推送成功

==================================================
⏰ 2026-02-18 07:00:01 🌅 晨读 1 (07:00)
==================================================
✅ 07:00 推送成功

==================================================
⏰ 2026-02-18 08:30:01 ☕ 晨读 2 (08:30)
==================================================
✅ 08:30 推送成功

==================================================
⏰ 2026-02-18 10:00:01 ☀️ 午读 1 (10:00)
==================================================
✅ 10:00 推送成功

==================================================
⏰ 2026-02-18 11:30:01 📖 午读 2 (11:30)
==================================================
✅ 11:30 推送成功

==================================================
⏰ 2026-02-18 14:00:01 🍵 下午茶 1 (14:00)
==================================================
✅ 14:00 推送成功

==================================================
⏰ 2026-02-18 15:30:01 🍰 下午茶 2 (15:30)
==================================================
✅ 15:30 推送成功

==================================================
⏰ 2026-02-18 17:00:01 🌆 傍晚读 (17:00)
==================================================
✅ 17:00 推送成功

==================================================
⏰ 2026-02-18 18:30:01 🌇 黄昏读 (18:30)
==================================================
✅ 18:30 推送成功

==================================================
⏰ 2026-02-18 20:00:02 🌙 夜读 1 (20:00)
==================================================
✅ 20:00 推送成功

==================================================
⏰ 2026-02-18 21:30:01 🌃 夜读 2 (21:30)
==================================================
✅ 21:30 推送成功

==================================================
⏰ 2026-02-19 07:00:01 🌅 晨读 1 (07:00)
==================================================
✅ 07:00 推送成功

==================================================
⏰ 2026-02-19 08:30:01 ☕ 晨读 2 (08:30)
==================================================
✅ 08:30 推送成功

==================================================
⏰ 2026-02-19 10:00:01 ☀️ 午读 1 (10:00)
==================================================
✅ 10:00 推送成功

==================================================
⏰ 2026-02-19 11:30:01 📖 午读 2 (11:30)
==================================================
✅ 11:30 推送成功

==================================================
⏰ 2026-02-19 14:00:01 🍵 下午茶 1 (14:00)
==================================================
✅ 14:00 推送成功

==================================================
⏰ 2026-02-19 15:30:01 🍰 下午茶 2 (15:30)
==================================================
✅ 15:30 推送成功

==================================================
⏰ 2026-02-19 17:00:01 🌆 傍晚读 (17:00)
==================================================
✅ 17:00 推送成功

==================================================
⏰ 2026-02-19 18:30:01 🌇 黄昏读 (18:30)
==================================================
✅ 18:30 推送成功

==================================================
⏰ 2026-02-19 20:00:02 🌙 夜读 1 (20:00)
==================================================
✅ 20:00 推送成功

==================================================
⏰ 2026-02-19 21:30:01 🌃 夜读 2 (21:30)
==================================================
✅ 21:30 推送成功

==================================================
⏰ 2026-02-20 07:00:02 🌅 晨读 1 (07:00)
==================================================
✅ 07:00 推送成功

==================================================
⏰ 2026-02-20 08:30:01 ☕ 晨读 2 (08:30)
==================================================
✅ 08:30 推送成功

==================================================
⏰ 2026-02-20 10:00:01 ☀️ 午读 1 (10:00)
==================================================
✅ 10:00 推送成功

==================================================
⏰ 2026-02-20 11:30:01 📖 午读 2 (11:30)
==================================================
✅ 11:30 推送成功

==================================================
⏰ 2026-02-20 14:00:02 🍵 下午茶 1 (14:00)
==================================================
✅ 14:00 推送成功

==================================================
⏰ 2026-02-20 15:30:01 🍰 下午茶 2 (15:30)
==================================================
✅ 15:30 推送成功

==================================================
⏰ 2026-02-20 17:00:01 🌆 傍晚读 (17:00)
==================================================
✅ 17:00 推送成功

==================================================
⏰ 2026-02-20 18:30:01 🌇 黄昏读 (18:30)
==================================================
✅ 18:30 推送成功

==================================================
⏰ 2026-02-20 20:00:01 🌙 夜读 1 (20:00)
==================================================
✅ 20:00 推送成功

==================================================
⏰ 2026-02-20 21:30:01 🌃 夜读 2 (21:30)
==================================================
✅ 21:30 推送成功

==================================================
⏰ 2026-02-21 07:00:01 🌅 晨读 1 (07:00)
==================================================
✅ 07:00 推送成功

==================================================
⏰ 2026-02-21 08:30:02 ☕ 晨读 2 (08:30)
==================================================
✅ 08:30 推送成功

==================================================
⏰ 2026-02-21 10:00:01 ☀️ 午读 1 (10:00)
==================================================
✅ 10:00 推送成功

==================================================
⏰ 2026-02-21 11:30:01 📖 午读 2 (11:30)
==================================================
✅ 11:30 推送成功

==================================================
⏰ 2026-02-21 14:00:01 🍵 下午茶 1 (14:00)
==================================================
✅ 14:00 推送成功

==================================================
⏰ 2026-02-21 15:30:02 🍰 下午茶 2 (15:30)
==================================================
✅ 15:30 推送成功

==================================================
⏰ 2026-02-21 17:00:01 🌆 傍晚读 (17:00)
==================================================
✅ 17:00 推送成功

==================================================
⏰ 2026-02-21 18:30:01 🌇 黄昏读 (18:30)
==================================================
✅ 18:30 推送成功

==================================================
⏰ 2026-02-21 20:00:02 🌙 夜读 1 (20:00)
==================================================
✅ 20:00 推送成功

==================================================
⏰ 2026-02-21 21:30:01 🌃 夜读 2 (21:30)
==================================================
✅ 21:30 推送成功

==================================================
⏰ 2026-02-22 07:00:01 🌅 晨读 1 (07:00)
==================================================
✅ 07:00 推送成功

==================================================
⏰ 2026-02-22 08:30:01 ☕ 晨读 2 (08:30)
==================================================
✅ 08:30 推送成功

==================================================
⏰ 2026-02-22 10:00:01 ☀️ 午读 1 (10:00)
==================================================
✅ 10:00 推送成功

==================================================
⏰ 2026-02-22 11:30:01 📖 午读 2 (11:30)
==================================================
✅ 11:30 推送成功

==================================================
⏰ 2026-02-22 14:00:01 🍵 下午茶 1 (14:00)
==================================================
✅ 14:00 推送成功

==================================================
⏰ 2026-02-22 15:30:01 🍰 下午茶 2 (15:30)
==================================================
✅ 15:30 推送成功

==================================================
⏰ 2026-02-22 17:00:01 🌆 傍晚读 (17:00)
==================================================
✅ 17:00 推送成功

==================================================
⏰ 2026-02-22 18:30:01 🌇 黄昏读 (18:30)
==================================================
✅ 18:30 推送成功

==================================================
⏰ 2026-02-22 20:00:01 🌙 夜读 1 (20:00)
==================================================
✅ 20:00 推送成功

==================================================
⏰ 2026-02-22 21:30:01 🌃 夜读 2 (21:30)
==================================================
✅ 21:30 推送成功

==================================================
⏰ 2026-02-23 07:00:01 🌅 晨读 1 (07:00)
==================================================
✅ 07:00 推送成功

==================================================
⏰ 2026-02-23 08:30:01 ☕ 晨读 2 (08:30)
==================================================
✅ 08:30 推送成功

==================================================
⏰ 2026-02-23 10:00:01 ☀️ 午读 1 (10:00)
==================================================
✅ 10:00 推送成功

==================================================
⏰ 2026-02-23 11:30:02 📖 午读 2 (11:30)
==================================================
✅ 11:30 推送成功

==================================================
⏰ 2026-02-23 14:00:01 🍵 下午茶 1 (14:00)
==================================================
✅ 14:00 推送成功

==================================================
⏰ 2026-02-23 15:30:01 🍰 下午茶 2 (15:30)
==================================================
✅ 15:30 推送成功

==================================================
⏰ 2026-02-23 17:00:01 🌆 傍晚读 (17:00)
==================================================
✅ 17:00 推送成功

==================================================
⏰ 2026-02-23 18:30:02 🌇 黄昏读 (18:30)
==================================================
✅ 18:30 推送成功

==================================================
⏰ 2026-02-23 20:00:01 🌙 夜读 1 (20:00)
==================================================
✅ 20:00 推送成功
